<?xml version="1.0" encoding="UTF-8"?>
<!-- Generated by org.testng.reporters.JUnitXMLReporter -->
<testsuite hostname="DESKTOP-L78C875" ignored="1" name="BasecampWeb Tests" tests="3" failures="0" timestamp="21 Apr 2020 19:39:36 GMT" time="0.402" errors="0">
  <testcase name="@BeforeClass startSession" time="0.0" classname="Utilities.CommonOps">
    <failure type="org.testng.TestNGException" message="
Parameter &amp;apos;platformName&amp;apos; is required by BeforeClass on method startSession but has not been marked @Optional or defined
in C:\git\Basecamp_Project\testNgExecuteWeb.xml">
      <![CDATA[org.testng.TestNGException: 
Parameter 'platformName' is required by BeforeClass on method startSession but has not been marked @Optional or defined
in C:\git\Basecamp_Project\testNgExecuteWeb.xml
... Removed 27 stack frames]]>
    </failure>
  </testcase> <!-- @BeforeClass startSession -->
  <testcase name="@AfterMethod afterMethod" time="0.0" classname="Utilities.CommonOps">
    <skipped/>
  </testcase> <!-- @AfterMethod afterMethod -->
  <testcase name="@AfterMethod afterMethod" time="0.0" classname="Utilities.CommonOps">
    <skipped/>
  </testcase> <!-- @AfterMethod afterMethod -->
  <testcase name="@AfterMethod afterMethod" time="0.0" classname="Utilities.CommonOps">
    <skipped/>
  </testcase> <!-- @AfterMethod afterMethod -->
  <testcase name="@AfterClass closeSession" time="0.0" classname="Utilities.CommonOps">
    <skipped/>
  </testcase> <!-- @AfterClass closeSession -->
  <testcase name="testLogin" time="0.0" classname="BasecampWeb.SanityTests.BaseCampSanity">
    <skipped/>
  </testcase> <!-- testLogin -->
  <testcase name="testAddNewProject" time="0.0" classname="BasecampWeb.SanityTests.BaseCampSanity">
    <skipped/>
  </testcase> <!-- testAddNewProject -->
  <testcase name="testRemoveAProject" time="0.0" classname="BasecampWeb.SanityTests.BaseCampSanity">
    <skipped/>
  </testcase> <!-- testRemoveAProject -->
  <testcase name="testSignup" time="0.0" classname="BasecampWeb.SanityTests.BaseCampSanity">
    <ignored/>
  </testcase> <!-- testSignup -->
</testsuite> <!-- BasecampWeb Tests -->
