-------------------------------------------------------------------------------
Test set: BasecampWeb.SanityTests.BaseCampSanity
-------------------------------------------------------------------------------
Tests run: 3, Failures: 1, Errors: 0, Skipped: 0, Time elapsed: 129.526 s <<< FAILURE! - in BasecampWeb.SanityTests.BaseCampSanity
testAddNewProject(BasecampWeb.SanityTests.BaseCampSanity)  Time elapsed: 36.125 s  <<< FAILURE!
java.lang.AssertionError: expected [4] but found [3]
	at BasecampWeb.SanityTests.BaseCampSanity.testAddNewProject(BaseCampSanity.java:34)

