<?xml version="1.0" encoding="UTF-8"?>
<testng-results skipped="0" failed="0" ignored="1" total="4" passed="3">
  <reporter-output>
  </reporter-output>
  <suite name="Surefire suite" duration-ms="133250" started-at="2020-04-15T09:15:13Z" finished-at="2020-04-15T09:17:26Z">
    <groups>
    </groups>
    <test name="Surefire test" duration-ms="133250" started-at="2020-04-15T09:15:13Z" finished-at="2020-04-15T09:17:26Z">
      <class name="BasecampWeb.SanityTests.BaseCampSanity">
        <test-method status="PASS" signature="startSession()[pri:0, instance:BasecampWeb.SanityTests.BaseCampSanity@352c308]" name="startSession" is-config="true" duration-ms="14679" started-at="2020-04-15T09:15:13Z" finished-at="2020-04-15T09:15:28Z">
          <reporter-output>
          </reporter-output>
        </test-method> <!-- startSession -->
        <test-method status="PASS" signature="testLogin()[pri:2, instance:BasecampWeb.SanityTests.BaseCampSanity@352c308]" name="testLogin" duration-ms="28351" started-at="2020-04-15T09:15:28Z" description="Login Sanity Test" finished-at="2020-04-15T09:15:56Z">
          <reporter-output>
          </reporter-output>
        </test-method> <!-- testLogin -->
        <test-method status="PASS" signature="afterMethod()[pri:0, instance:BasecampWeb.SanityTests.BaseCampSanity@352c308]" name="afterMethod" is-config="true" duration-ms="2022" started-at="2020-04-15T09:15:57Z" finished-at="2020-04-15T09:15:59Z">
          <reporter-output>
          </reporter-output>
        </test-method> <!-- afterMethod -->
        <test-method status="PASS" signature="testAddNewProject()[pri:3, instance:BasecampWeb.SanityTests.BaseCampSanity@352c308]" name="testAddNewProject" duration-ms="44381" started-at="2020-04-15T09:15:59Z" description="Add new project" finished-at="2020-04-15T09:16:43Z">
          <reporter-output>
          </reporter-output>
        </test-method> <!-- testAddNewProject -->
        <test-method status="PASS" signature="afterMethod()[pri:0, instance:BasecampWeb.SanityTests.BaseCampSanity@352c308]" name="afterMethod" is-config="true" duration-ms="1532" started-at="2020-04-15T09:16:43Z" finished-at="2020-04-15T09:16:44Z">
          <reporter-output>
          </reporter-output>
        </test-method> <!-- afterMethod -->
        <test-method status="PASS" signature="testRemoveAProject()[pri:4, instance:BasecampWeb.SanityTests.BaseCampSanity@352c308]" name="testRemoveAProject" duration-ms="37442" started-at="2020-04-15T09:16:44Z" description="Remove a project" finished-at="2020-04-15T09:17:22Z">
          <reporter-output>
          </reporter-output>
        </test-method> <!-- testRemoveAProject -->
        <test-method status="PASS" signature="afterMethod()[pri:0, instance:BasecampWeb.SanityTests.BaseCampSanity@352c308]" name="afterMethod" is-config="true" duration-ms="1764" started-at="2020-04-15T09:17:22Z" finished-at="2020-04-15T09:17:24Z">
          <reporter-output>
          </reporter-output>
        </test-method> <!-- afterMethod -->
        <test-method status="PASS" signature="closeSession()[pri:0, instance:BasecampWeb.SanityTests.BaseCampSanity@352c308]" name="closeSession" is-config="true" duration-ms="2742" started-at="2020-04-15T09:17:24Z" finished-at="2020-04-15T09:17:26Z">
          <reporter-output>
          </reporter-output>
        </test-method> <!-- closeSession -->
      </class> <!-- BasecampWeb.SanityTests.BaseCampSanity -->
    </test> <!-- Surefire test -->
  </suite> <!-- Surefire suite -->
</testng-results>
